<?xml version="1.0" encoding="UTF-8"?>
<!-- Generated by org.testng.reporters.JUnitReportReporter -->
<testsuite hostname="DESKTOP-IHIJH93" failures="0" tests="1" name="practice.AssertionEx" time="0.005" errors="0" timestamp="2022-10-13T23:46:48 IST" skipped="0">
  <testcase classname="practice.AssertionEx" name="m2" time="0.005"/>
  <system-out/>
</testsuite> <!-- practice.AssertionEx -->
