<?xml version="1.0" encoding="UTF-8"?>
<!-- Generated by org.testng.reporters.JUnitReportReporter -->
<testsuite hostname="DESKTOP-IHIJH93" failures="0" tests="1" name="practice.ParameterTestTest" time="1.200" errors="0" timestamp="2022-10-13T23:51:54 IST" skipped="0">
  <testcase classname="practice.ParameterTestTest" name="pMethodTest" time="1.200"/>
  <system-out/>
</testsuite> <!-- practice.ParameterTestTest -->
