<?xml version="1.0" encoding="UTF-8"?>
<!-- Generated by org.testng.reporters.JUnitReportReporter -->
<testsuite hostname="DESKTOP-IHIJH93" failures="0" tests="1" name="com.crm.product.CreateProduct" time="17.368" errors="0" timestamp="04 Oct 2022 06:18:56 GMT" skipped="0">
  <testcase classname="com.crm.product.CreateProduct" name="createProduct" time="17.368"/>
</testsuite> <!-- com.crm.product.CreateProduct -->
