<?xml version="1.0" encoding="UTF-8"?>
<!-- Generated by org.testng.reporters.JUnitReportReporter -->
<testsuite hostname="DESKTOP-8A5Q0K2" failures="0" tests="1" name="com.crm.campaign.CreateCampaignTest" time="26.834" errors="0" timestamp="2022-10-15T15:55:16 IST" skipped="0">
  <testcase classname="com.crm.campaign.CreateCampaignTest" name="createCampaignTest" time="26.834"/>
  <system-out/>
</testsuite> <!-- com.crm.campaign.CreateCampaignTest -->
