<?xml version="1.0" encoding="UTF-8"?>
<!-- Generated by org.testng.reporters.JUnitReportReporter -->
<testsuite hostname="DESKTOP-IHIJH93" failures="0" tests="1" name="practice.DataProviderEx1" time="0.000" errors="0" timestamp="2022-10-10T17:46:54 IST" skipped="1">
  <testcase classname="practice.DataProviderEx1" name="test1" time="0.000">
    <skipped/>
  </testcase> <!-- test1 -->
  <system-out/>
</testsuite> <!-- practice.DataProviderEx1 -->
