<?xml version="1.0" encoding="UTF-8"?>
<!-- Generated by org.testng.reporters.JUnitReportReporter -->
<testsuite hostname="DESKTOP-IHIJH93" failures="0" tests="1" name="com.crm.organization.CreateOrganization" time="13.936" errors="0" timestamp="04 Oct 2022 06:20:28 GMT" skipped="0">
  <testcase classname="com.crm.organization.CreateOrganization" name="createOrganization" time="13.936"/>
</testsuite> <!-- com.crm.organization.CreateOrganization -->
